[ 2017-03-23T10:45:14+08:00 ] ::1 /maxuu/
INFO: [ app_init ] --START--
INFO: Run Behavior\BuildLiteBehavior [ RunTime:0.000016s ]
INFO: [ app_init ] --END-- [ RunTime:0.000272s ]
INFO: [ app_begin ] --START--
INFO: Run Behavior\ReadHtmlCacheBehavior [ RunTime:0.000278s ]
INFO: [ app_begin ] --END-- [ RunTime:0.000314s ]
SQL: SHOW COLUMNS FROM `miuu_categoryart` [ RunTime:0.0022s ]
SQL: SELECT `id`,`name`,`pid` FROM `miuu_categoryart`  [ RunTime:0.0003s ]
SQL: SHOW COLUMNS FROM `miuu_articles` [ RunTime:0.0009s ]
SQL: SHOW COLUMNS FROM `miuu_down` [ RunTime:0.0010s ]
SQL: SHOW COLUMNS FROM `miuu_essay` [ RunTime:0.0010s ]
SQL: SHOW COLUMNS FROM `miuu_notes` [ RunTime:0.0011s ]
SQL: SELECT COUNT(*) AS tp_count FROM miuu_articles a WHERE `recycle` = 'no' AND `on_sale` = 'yes' LIMIT 1   [ RunTime:0.0003s ]
SQL: SELECT c.name as category_name,a.category_id,a.id,a.name,a.desc,a.thumb,a.sn,a.add_time,a.author,a.content,a.keywords,a.source,a.url,a.click FROM miuu_articles a LEFT JOIN miuu_categoryart AS c ON c.id=a.category_id  WHERE `recycle` = 'no' AND `on_sale` = 'yes' ORDER BY a.id desc LIMIT 0,9   [ RunTime:0.0011s ]
NOTIC: [2] Missing argument 1 for Home\Model\DownModel::getRecommend(), called in /Users/miuu/items/maxuu/Application/Home/Controller/IndexController.class.php on line 21 and defined /Users/miuu/items/maxuu/Application/Home/Model/DownModel.class.php 第 163 行.
SQL: SELECT `id`,`name`,`thumb`,`author`,`add_time`,`click` FROM `miuu_down` WHERE `recycle` = 'no' AND `on_sale` = 'yes' AND `recommend` = 'yes' ORDER BY rand() LIMIT 6   [ RunTime:0.0003s ]
SQL: SELECT `id`,`name`,`author`,`thumb`,`sn`,`add_time`,`content`,`source`,`url`,`click` FROM `miuu_essay` WHERE `recycle` = 'no' AND `on_sale` = 'yes' AND `recommend` = 'yes' ORDER BY rand() LIMIT 4   [ RunTime:0.0011s ]
NOTIC: [2] Missing argument 1 for Home\Model\NotesModel::getRecommend(), called in /Users/miuu/items/maxuu/Application/Home/Controller/IndexController.class.php on line 23 and defined /Users/miuu/items/maxuu/Application/Home/Model/NotesModel.class.php 第 142 行.
SQL: SELECT `id`,`name`,`add_time`,`thumb`,`click` FROM `miuu_notes` WHERE `recycle` = 'no' AND `on_sale` = 'yes' AND `recommend` = 'yes' ORDER BY id desc LIMIT 4   [ RunTime:0.0002s ]
SQL: SELECT `id`,`name` FROM `miuu_articles` ORDER BY add_time asc LIMIT 4   [ RunTime:0.0001s ]
NOTIC: [8] Use of undefined constant result - assumed 'result' /Users/miuu/items/maxuu/Application/Home/Controller/IndexController.class.php 第 53 行.
INFO: [ view_parse ] --START--
INFO: [ template_filter ] --START--
INFO: Run Behavior\ContentReplaceBehavior [ RunTime:0.000123s ]
INFO: [ template_filter ] --END-- [ RunTime:0.000168s ]
NOTIC: [8] Undefined index: category_id /Users/miuu/items/maxuu/Application/Runtime/Cache/Home/2a94b8bda04ff446dcedd42276fc99ee.php 第 199 行.
NOTIC: [8] Undefined index: categorydown_name /Users/miuu/items/maxuu/Application/Runtime/Cache/Home/2a94b8bda04ff446dcedd42276fc99ee.php 第 199 行.
NOTIC: [8] Undefined index: category_id /Users/miuu/items/maxuu/Application/Runtime/Cache/Home/2a94b8bda04ff446dcedd42276fc99ee.php 第 199 行.
NOTIC: [8] Undefined index: categorydown_name /Users/miuu/items/maxuu/Application/Runtime/Cache/Home/2a94b8bda04ff446dcedd42276fc99ee.php 第 199 行.
NOTIC: [8] Undefined index: category_id /Users/miuu/items/maxuu/Application/Runtime/Cache/Home/2a94b8bda04ff446dcedd42276fc99ee.php 第 199 行.
NOTIC: [8] Undefined index: categorydown_name /Users/miuu/items/maxuu/Application/Runtime/Cache/Home/2a94b8bda04ff446dcedd42276fc99ee.php 第 199 行.
NOTIC: [8] Undefined index: category_id /Users/miuu/items/maxuu/Application/Runtime/Cache/Home/2a94b8bda04ff446dcedd42276fc99ee.php 第 199 行.
NOTIC: [8] Undefined index: categorydown_name /Users/miuu/items/maxuu/Application/Runtime/Cache/Home/2a94b8bda04ff446dcedd42276fc99ee.php 第 199 行.
NOTIC: [8] Undefined index: category_id /Users/miuu/items/maxuu/Application/Runtime/Cache/Home/2a94b8bda04ff446dcedd42276fc99ee.php 第 199 行.
NOTIC: [8] Undefined index: categorydown_name /Users/miuu/items/maxuu/Application/Runtime/Cache/Home/2a94b8bda04ff446dcedd42276fc99ee.php 第 199 行.
NOTIC: [8] Undefined index: category_id /Users/miuu/items/maxuu/Application/Runtime/Cache/Home/2a94b8bda04ff446dcedd42276fc99ee.php 第 199 行.
NOTIC: [8] Undefined index: categorydown_name /Users/miuu/items/maxuu/Application/Runtime/Cache/Home/2a94b8bda04ff446dcedd42276fc99ee.php 第 199 行.
INFO: Run Behavior\ParseTemplateBehavior [ RunTime:0.015223s ]
INFO: [ view_parse ] --END-- [ RunTime:0.015262s ]
INFO: [ view_filter ] --START--
INFO: Run Behavior\WriteHtmlCacheBehavior [ RunTime:0.000111s ]
INFO: Run Behavior\TokenBuildBehavior [ RunTime:0.000163s ]
INFO: [ view_filter ] --END-- [ RunTime:0.000307s ]
INFO: [ app_end ] --START--
INFO: Run Behavior\ShowPageTraceBehavior [ RunTime:0.000421s ]
INFO: [ app_end ] --END-- [ RunTime:0.000473s ]

[ 2017-03-23T10:45:51+08:00 ] ::1 /maxuu/Blog/articles/id/48.html
INFO: [ app_init ] --START--
INFO: Run Behavior\BuildLiteBehavior [ RunTime:0.000008s ]
INFO: [ app_init ] --END-- [ RunTime:0.000186s ]
INFO: [ app_begin ] --START--
INFO: Run Behavior\ReadHtmlCacheBehavior [ RunTime:0.000239s ]
INFO: [ app_begin ] --END-- [ RunTime:0.000268s ]
SQL: SHOW COLUMNS FROM `miuu_categoryart` [ RunTime:0.0022s ]
SQL: SELECT `id`,`name`,`pid` FROM `miuu_categoryart`  [ RunTime:0.0003s ]
SQL: SHOW COLUMNS FROM `miuu_articles` [ RunTime:0.0010s ]
SQL: UPDATE `miuu_articles` SET `click`=click+1 WHERE `id` = 48 [ RunTime:0.0007s ]
SQL: SELECT `id`,`category_id`,`sn`,`name`,`thumb`,`author`,`add_time`,`desc`,`content`,`keywords`,`source`,`url`,`code`,`click` FROM `miuu_articles` WHERE `id` = 48 LIMIT 1   [ RunTime:0.0003s ]
NOTIC: [2] Missing argument 1 for Home\Model\ArticlesModel::getRecommend(), called in /Users/miuu/items/maxuu/Application/Home/Controller/BlogController.class.php on line 46 and defined /Users/miuu/items/maxuu/Application/Home/Model/ArticlesModel.class.php 第 163 行.
SQL: SELECT `id`,`name`,`thumb`,`author`,`add_time` FROM `miuu_articles` WHERE `recycle` = 'no' AND `on_sale` = 'yes' AND `recommend` = 'yes' ORDER BY rand() LIMIT 4   [ RunTime:0.0004s ]
SQL: SELECT `id`,`name`,`thumb`,`add_time`,`click` FROM `miuu_articles` WHERE `recycle` = 'no' AND `on_sale` = 'yes' ORDER BY id desc LIMIT 4   [ RunTime:0.0003s ]
SQL: SELECT * FROM `miuu_articles` WHERE ( id<'48' ) ORDER BY id desc LIMIT 1   [ RunTime:0.0005s ]
SQL: SELECT * FROM `miuu_articles` WHERE ( id>'48' ) ORDER BY id asc LIMIT 1   [ RunTime:0.0004s ]
INFO: [ view_parse ] --START--
INFO: [ template_filter ] --START--
INFO: Run Behavior\ContentReplaceBehavior [ RunTime:0.000118s ]
INFO: [ template_filter ] --END-- [ RunTime:0.000156s ]
NOTIC: [8] Undefined variable: vv /Users/miuu/items/maxuu/Application/Runtime/Cache/Home/b983be07d7749e2a5320823af3c77e64.php 第 119 行.
NOTIC: [8] Undefined variable: v /Users/miuu/items/maxuu/Application/Runtime/Cache/Home/b983be07d7749e2a5320823af3c77e64.php 第 119 行.
NOTIC: [8] Use of undefined constant id - assumed 'id' /Users/miuu/items/maxuu/Application/Runtime/Cache/Home/b983be07d7749e2a5320823af3c77e64.php 第 222 行.
NOTIC: [8] Use of undefined constant id - assumed 'id' /Users/miuu/items/maxuu/Application/Runtime/Cache/Home/b983be07d7749e2a5320823af3c77e64.php 第 222 行.
NOTIC: [8] Use of undefined constant id - assumed 'id' /Users/miuu/items/maxuu/Application/Runtime/Cache/Home/b983be07d7749e2a5320823af3c77e64.php 第 222 行.
NOTIC: [8] Use of undefined constant id - assumed 'id' /Users/miuu/items/maxuu/Application/Runtime/Cache/Home/b983be07d7749e2a5320823af3c77e64.php 第 222 行.
INFO: Run Behavior\ParseTemplateBehavior [ RunTime:0.011048s ]
INFO: [ view_parse ] --END-- [ RunTime:0.011116s ]
INFO: [ view_filter ] --START--
INFO: Run Behavior\WriteHtmlCacheBehavior [ RunTime:0.000329s ]
INFO: Run Behavior\TokenBuildBehavior [ RunTime:0.000300s ]
INFO: [ view_filter ] --END-- [ RunTime:0.000732s ]
INFO: [ app_end ] --START--
INFO: Run Behavior\ShowPageTraceBehavior [ RunTime:0.000406s ]
INFO: [ app_end ] --END-- [ RunTime:0.000445s ]

[ 2017-03-23T10:46:17+08:00 ] ::1 /maxuu/Down/index.html
INFO: [ app_init ] --START--
INFO: Run Behavior\BuildLiteBehavior [ RunTime:0.000019s ]
INFO: [ app_init ] --END-- [ RunTime:0.000254s ]
INFO: [ app_begin ] --START--
INFO: Run Behavior\ReadHtmlCacheBehavior [ RunTime:0.000323s ]
INFO: [ app_begin ] --END-- [ RunTime:0.000363s ]
SQL: SHOW COLUMNS FROM `miuu_categoryart` [ RunTime:0.0014s ]
SQL: SELECT `id`,`name`,`pid` FROM `miuu_categoryart`  [ RunTime:0.0008s ]
SQL: SHOW COLUMNS FROM `miuu_down` [ RunTime:0.0012s ]
SQL: SHOW COLUMNS FROM `miuu_categorydown` [ RunTime:0.0013s ]
NOTIC: [8] Undefined variable: where /Users/miuu/items/maxuu/Application/Home/Model/DownModel.class.php 第 53 行.
SQL: SELECT COUNT(*) AS tp_count FROM miuu_down a LIMIT 1   [ RunTime:0.0002s ]
NOTIC: [8] Undefined variable: where /Users/miuu/items/maxuu/Application/Home/Model/DownModel.class.php 第 57 行.
SQL: SELECT c.name as category_name,a.category_id,a.id,a.name,a.desc,a.thumb,a.sn,a.add_time,a.author,a.content,a.keywords,a.url,a.click FROM miuu_down a LEFT JOIN miuu_categorydown AS c ON c.id=a.category_id  ORDER BY a.id desc LIMIT 0,9   [ RunTime:0.0003s ]
NOTIC: [2] Missing argument 1 for Home\Model\DownModel::getRecommend(), called in /Users/miuu/items/maxuu/Application/Home/Controller/DownController.class.php on line 17 and defined /Users/miuu/items/maxuu/Application/Home/Model/DownModel.class.php 第 163 行.
SQL: SELECT `id`,`name`,`thumb`,`author`,`add_time`,`click` FROM `miuu_down` WHERE `recycle` = 'no' AND `on_sale` = 'yes' AND `recommend` = 'yes' ORDER BY rand() LIMIT 6   [ RunTime:0.0002s ]
SQL: SELECT `id`,`name`,`pid` FROM `miuu_categorydown`  [ RunTime:0.0001s ]
INFO: [ view_parse ] --START--
INFO: [ template_filter ] --START--
INFO: Run Behavior\ContentReplaceBehavior [ RunTime:0.000105s ]
INFO: [ template_filter ] --END-- [ RunTime:0.000139s ]
INFO: Run Behavior\ParseTemplateBehavior [ RunTime:0.011274s ]
INFO: [ view_parse ] --END-- [ RunTime:0.011311s ]
INFO: [ view_filter ] --START--
INFO: Run Behavior\WriteHtmlCacheBehavior [ RunTime:0.000106s ]
INFO: Run Behavior\TokenBuildBehavior [ RunTime:0.000159s ]
INFO: [ view_filter ] --END-- [ RunTime:0.000299s ]
INFO: [ app_end ] --START--
INFO: Run Behavior\ShowPageTraceBehavior [ RunTime:0.000382s ]
INFO: [ app_end ] --END-- [ RunTime:0.000415s ]

[ 2017-03-23T10:46:20+08:00 ] ::1 /maxuu/Index/index.html
INFO: [ app_init ] --START--
INFO: Run Behavior\BuildLiteBehavior [ RunTime:0.000009s ]
INFO: [ app_init ] --END-- [ RunTime:0.000190s ]
INFO: [ app_begin ] --START--
INFO: Run Behavior\ReadHtmlCacheBehavior [ RunTime:0.000469s ]
INFO: [ app_begin ] --END-- [ RunTime:0.000531s ]
SQL: SHOW COLUMNS FROM `miuu_categoryart` [ RunTime:0.0027s ]
SQL: SELECT `id`,`name`,`pid` FROM `miuu_categoryart`  [ RunTime:0.0007s ]
SQL: SHOW COLUMNS FROM `miuu_articles` [ RunTime:0.0014s ]
SQL: SHOW COLUMNS FROM `miuu_down` [ RunTime:0.0015s ]
SQL: SHOW COLUMNS FROM `miuu_essay` [ RunTime:0.0012s ]
SQL: SHOW COLUMNS FROM `miuu_notes` [ RunTime:0.0011s ]
SQL: SELECT COUNT(*) AS tp_count FROM miuu_articles a WHERE `recycle` = 'no' AND `on_sale` = 'yes' LIMIT 1   [ RunTime:0.0006s ]
SQL: SELECT c.name as category_name,a.category_id,a.id,a.name,a.desc,a.thumb,a.sn,a.add_time,a.author,a.content,a.keywords,a.source,a.url,a.click FROM miuu_articles a LEFT JOIN miuu_categoryart AS c ON c.id=a.category_id  WHERE `recycle` = 'no' AND `on_sale` = 'yes' ORDER BY a.id desc LIMIT 0,9   [ RunTime:0.0008s ]
NOTIC: [2] Missing argument 1 for Home\Model\DownModel::getRecommend(), called in /Users/miuu/items/maxuu/Application/Home/Controller/IndexController.class.php on line 21 and defined /Users/miuu/items/maxuu/Application/Home/Model/DownModel.class.php 第 163 行.
SQL: SELECT `id`,`name`,`thumb`,`author`,`add_time`,`click` FROM `miuu_down` WHERE `recycle` = 'no' AND `on_sale` = 'yes' AND `recommend` = 'yes' ORDER BY rand() LIMIT 6   [ RunTime:0.0008s ]
SQL: SELECT `id`,`name`,`author`,`thumb`,`sn`,`add_time`,`content`,`source`,`url`,`click` FROM `miuu_essay` WHERE `recycle` = 'no' AND `on_sale` = 'yes' AND `recommend` = 'yes' ORDER BY rand() LIMIT 4   [ RunTime:0.0016s ]
NOTIC: [2] Missing argument 1 for Home\Model\NotesModel::getRecommend(), called in /Users/miuu/items/maxuu/Application/Home/Controller/IndexController.class.php on line 23 and defined /Users/miuu/items/maxuu/Application/Home/Model/NotesModel.class.php 第 142 行.
SQL: SELECT `id`,`name`,`add_time`,`thumb`,`click` FROM `miuu_notes` WHERE `recycle` = 'no' AND `on_sale` = 'yes' AND `recommend` = 'yes' ORDER BY id desc LIMIT 4   [ RunTime:0.0003s ]
SQL: SELECT `id`,`name` FROM `miuu_articles` ORDER BY add_time asc LIMIT 4   [ RunTime:0.0002s ]
NOTIC: [8] Use of undefined constant result - assumed 'result' /Users/miuu/items/maxuu/Application/Home/Controller/IndexController.class.php 第 53 行.
INFO: [ view_parse ] --START--
INFO: [ template_filter ] --START--
INFO: Run Behavior\ContentReplaceBehavior [ RunTime:0.000113s ]
INFO: [ template_filter ] --END-- [ RunTime:0.000154s ]
NOTIC: [8] Undefined index: category_id /Users/miuu/items/maxuu/Application/Runtime/Cache/Home/2a94b8bda04ff446dcedd42276fc99ee.php 第 199 行.
NOTIC: [8] Undefined index: categorydown_name /Users/miuu/items/maxuu/Application/Runtime/Cache/Home/2a94b8bda04ff446dcedd42276fc99ee.php 第 199 行.
NOTIC: [8] Undefined index: category_id /Users/miuu/items/maxuu/Application/Runtime/Cache/Home/2a94b8bda04ff446dcedd42276fc99ee.php 第 199 行.
NOTIC: [8] Undefined index: categorydown_name /Users/miuu/items/maxuu/Application/Runtime/Cache/Home/2a94b8bda04ff446dcedd42276fc99ee.php 第 199 行.
NOTIC: [8] Undefined index: category_id /Users/miuu/items/maxuu/Application/Runtime/Cache/Home/2a94b8bda04ff446dcedd42276fc99ee.php 第 199 行.
NOTIC: [8] Undefined index: categorydown_name /Users/miuu/items/maxuu/Application/Runtime/Cache/Home/2a94b8bda04ff446dcedd42276fc99ee.php 第 199 行.
NOTIC: [8] Undefined index: category_id /Users/miuu/items/maxuu/Application/Runtime/Cache/Home/2a94b8bda04ff446dcedd42276fc99ee.php 第 199 行.
NOTIC: [8] Undefined index: categorydown_name /Users/miuu/items/maxuu/Application/Runtime/Cache/Home/2a94b8bda04ff446dcedd42276fc99ee.php 第 199 行.
NOTIC: [8] Undefined index: category_id /Users/miuu/items/maxuu/Application/Runtime/Cache/Home/2a94b8bda04ff446dcedd42276fc99ee.php 第 199 行.
NOTIC: [8] Undefined index: categorydown_name /Users/miuu/items/maxuu/Application/Runtime/Cache/Home/2a94b8bda04ff446dcedd42276fc99ee.php 第 199 行.
NOTIC: [8] Undefined index: category_id /Users/miuu/items/maxuu/Application/Runtime/Cache/Home/2a94b8bda04ff446dcedd42276fc99ee.php 第 199 行.
NOTIC: [8] Undefined index: categorydown_name /Users/miuu/items/maxuu/Application/Runtime/Cache/Home/2a94b8bda04ff446dcedd42276fc99ee.php 第 199 行.
INFO: Run Behavior\ParseTemplateBehavior [ RunTime:0.013250s ]
INFO: [ view_parse ] --END-- [ RunTime:0.013284s ]
INFO: [ view_filter ] --START--
INFO: Run Behavior\WriteHtmlCacheBehavior [ RunTime:0.000205s ]
INFO: Run Behavior\TokenBuildBehavior [ RunTime:0.000198s ]
INFO: [ view_filter ] --END-- [ RunTime:0.000454s ]
INFO: [ app_end ] --START--
INFO: Run Behavior\ShowPageTraceBehavior [ RunTime:0.000482s ]
INFO: [ app_end ] --END-- [ RunTime:0.000564s ]

